d:\github\spinxdeveloper\pwclient-152\pwclient152\bin-int\dbgrelease-win32\vc143.pdb
d:\github\spinxdeveloper\pwclient-152\pwclient152\bin-int\dbgrelease-win32\ec_md5hash.obj
d:\github\spinxdeveloper\pwclient-152\pwclient152\bin-int\dbgrelease-win32\base64.obj
d:\github\spinxdeveloper\pwclient-152\pwclient152\bin-int\dbgrelease-win32\replaceapi.obj
d:\github\spinxdeveloper\pwclient-152\pwclient152\bin-int\dbgrelease-win32\pwacp.obj
d:\github\spinxdeveloper\pwclient-152\pwclient152\bin-int\dbgrelease-win32\process.obj
d:\github\spinxdeveloper\pwclient-152\pwclient152\bin-int\dbgrelease-win32\imagechecker.obj
d:\github\spinxdeveloper\pwclient-152\pwclient152\bin-int\dbgrelease-win32\enumwin32pro.obj
d:\github\spinxdeveloper\pwclient-152\pwclient152\bin-int\dbgrelease-win32\polygonfunc.obj
d:\github\spinxdeveloper\pwclient-152\pwclient152\bin-int\dbgrelease-win32\ec_hookmemory.obj
d:\github\spinxdeveloper\pwclient-152\pwclient152\bin-int\dbgrelease-win32\clientmemorylog.obj
d:\github\spinxdeveloper\pwclient-152\pwclient152\bin-int\dbgrelease-win32\dlgautobaseroad.obj
d:\github\spinxdeveloper\pwclient-152\pwclient152\bin-int\dbgrelease-win32\dlgautobasemountain2.obj
d:\github\spinxdeveloper\pwclient-152\pwclient152\bin-int\dbgrelease-win32\dlgautobasemountain.obj
d:\github\spinxdeveloper\pwclient-152\pwclient152\bin-int\dbgrelease-win32\dlgautobaselocaltex.obj
d:\github\spinxdeveloper\pwclient-152\pwclient152\bin-int\dbgrelease-win32\dlgautoallres.obj
d:\github\spinxdeveloper\pwclient-152\pwclient152\bin-int\dbgrelease-win32\tracer.obj
d:\github\spinxdeveloper\pwclient-152\pwclient152\bin-int\dbgrelease-win32\stackinfocollection.obj
d:\github\spinxdeveloper\pwclient-152\pwclient152\bin-int\dbgrelease-win32\stackchecker.obj
d:\github\spinxdeveloper\pwclient-152\pwclient152\bin-int\dbgrelease-win32\socket_helper.obj
d:\github\spinxdeveloper\pwclient-152\pwclient152\bin-int\dbgrelease-win32\dlgautomountain.obj
d:\github\spinxdeveloper\pwclient-152\pwclient152\bin-int\dbgrelease-win32\dlgautolocaltexture.obj
d:\github\spinxdeveloper\pwclient-152\pwclient152\bin-int\dbgrelease-win32\dlgautolight.obj
d:\github\spinxdeveloper\pwclient-152\pwclient152\bin-int\dbgrelease-win32\dlgautoleveloff.obj
d:\github\spinxdeveloper\pwclient-152\pwclient152\bin-int\dbgrelease-win32\dlgautoindoorvirtu.obj
d:\github\spinxdeveloper\pwclient-152\pwclient152\bin-int\dbgrelease-win32\dlgautoindoortoy.obj
d:\github\spinxdeveloper\pwclient-152\pwclient152\bin-int\dbgrelease-win32\dlgautoindoorplant.obj
d:\github\spinxdeveloper\pwclient-152\pwclient152\bin-int\dbgrelease-win32\dlgautoindoorfurniture.obj
d:\github\spinxdeveloper\pwclient-152\pwclient152\bin-int\dbgrelease-win32\dlgautogenlightmapprogress.obj
d:\github\spinxdeveloper\pwclient-152\pwclient152\bin-int\dbgrelease-win32\dlgautoctrleditarea.obj
d:\github\spinxdeveloper\pwclient-152\pwclient152\bin-int\dbgrelease-win32\dlgautoctrl.obj
d:\github\spinxdeveloper\pwclient-152\pwclient152\bin-int\dbgrelease-win32\dlgautochoosetexture.obj
d:\github\spinxdeveloper\pwclient-152\pwclient152\bin-int\dbgrelease-win32\dlgautochooselight.obj
d:\github\spinxdeveloper\pwclient-152\pwclient152\bin-int\dbgrelease-win32\dlgautochoosecolor.obj
d:\github\spinxdeveloper\pwclient-152\pwclient152\bin-int\dbgrelease-win32\dlgautocamera.obj
d:\github\spinxdeveloper\pwclient-152\pwclient152\bin-int\dbgrelease-win32\dlgautobasewater.obj
d:\github\spinxdeveloper\pwclient-152\pwclient152\bin-int\dbgrelease-win32\dlgautobaseterrain.obj
d:\github\spinxdeveloper\pwclient-152\pwclient152\bin-int\dbgrelease-win32\dlgautowater.obj
d:\github\spinxdeveloper\pwclient-152\pwclient152\bin-int\dbgrelease-win32\dlgautotools.obj
d:\github\spinxdeveloper\pwclient-152\pwclient152\bin-int\dbgrelease-win32\dlgautoterrain.obj
d:\github\spinxdeveloper\pwclient-152\pwclient152\bin-int\dbgrelease-win32\dlgautoswitchdlg.obj
d:\github\spinxdeveloper\pwclient-152\pwclient152\bin-int\dbgrelease-win32\dlgautoroad.obj
d:\github\spinxdeveloper\pwclient-152\pwclient152\bin-int\dbgrelease-win32\dlgautooutdoortree.obj
d:\github\spinxdeveloper\pwclient-152\pwclient152\bin-int\dbgrelease-win32\dlgautooutdoorotherobject.obj
d:\github\spinxdeveloper\pwclient-152\pwclient152\bin-int\dbgrelease-win32\dlgautooutdoorgrass.obj
d:\github\spinxdeveloper\pwclient-152\pwclient152\bin-int\dbgrelease-win32\dlgautooutdoorbuilding.obj
d:\github\spinxdeveloper\pwclient-152\pwclient152\bin-int\dbgrelease-win32\dlgautonote2.obj
d:\github\spinxdeveloper\pwclient-152\pwclient152\bin-int\dbgrelease-win32\dlgautonote.obj
d:\github\spinxdeveloper\pwclient-152\pwclient152\bin-int\dbgrelease-win32\dlgautomountain2.obj
d:\github\spinxdeveloper\pwclient-152\pwclient152\bin-int\dbgrelease-win32\dlgcustomizechspre.obj
d:\github\spinxdeveloper\pwclient-152\pwclient152\bin-int\dbgrelease-win32\dlgcustomizeeyebrow.obj
d:\github\spinxdeveloper\pwclient-152\pwclient152\bin-int\dbgrelease-win32\elementclient.vcxproj.filelistabsolute.txt
d:\github\spinxdeveloper\pwclient-152\pwclient152\bin-int\dbgrelease-win32\elementclient.tlog\cl.command.1.tlog
d:\github\spinxdeveloper\pwclient-152\pwclient152\bin-int\dbgrelease-win32\elementclient.tlog\cl.read.1.tlog
d:\github\spinxdeveloper\pwclient-152\pwclient152\bin-int\dbgrelease-win32\elementclient.tlog\cl.write.1.tlog
