cl : command line  warning D9035: option 'Gm' has been deprecated and will be removed in a future release
  tinyxmlparser.cpp
  tinyxmlerror.cpp
  tinyxml.cpp
  tinystr.cpp
D:\GitHub\SpinxDeveloper\PWClient-152\PWClient152\Common\AudioEngine\XML\tinyxml.cpp(26,10): error C1083: Cannot open include file: 'AMemory.h': No such file or directory
  FSoundPlayList.cpp
D:\GitHub\SpinxDeveloper\PWClient-152\PWClient152\Common\AudioEngine\FAudioEngine.h(3,10): error C1083: Cannot open include file: 'vector.h': No such file or directory
  (compiling source file 'FSoundPlayList.cpp')
  
  FSoundInstanceTemplate.cpp
D:\GitHub\SpinxDeveloper\PWClient-152\PWClient152\Common\AudioEngine\FAudioEngine.h(3,10): error C1083: Cannot open include file: 'vector.h': No such file or directory
  (compiling source file 'FSoundInstanceTemplate.cpp')
  
  FSoundInstance.cpp
D:\GitHub\SpinxDeveloper\PWClient-152\PWClient152\Common\AudioEngine\FAudioEngine.h(3,10): error C1083: Cannot open include file: 'vector.h': No such file or directory
  (compiling source file 'FSoundInstance.cpp')
  
  FSoundDefManager.cpp
D:\GitHub\SpinxDeveloper\PWClient-152\PWClient152\Common\AudioEngine\FAudioEngine.h(3,10): error C1083: Cannot open include file: 'vector.h': No such file or directory
  (compiling source file 'FSoundDefManager.cpp')
  
  FSoundDefArchive.cpp
D:\GitHub\SpinxDeveloper\PWClient-152\PWClient152\Common\AudioEngine\FAudioEngine.h(3,10): error C1083: Cannot open include file: 'vector.h': No such file or directory
  (compiling source file 'FSoundDefArchive.cpp')
  
  FSoundDef.cpp
D:\GitHub\SpinxDeveloper\PWClient-152\PWClient152\Common\AudioEngine\FSoundDef.cpp(1,10): error C1083: Cannot open include file: 'fmod.hpp': No such file or directory
  FReverbDataManager.cpp
D:\GitHub\SpinxDeveloper\PWClient-152\PWClient152\Common\AudioEngine\FAudioEngine.h(3,10): error C1083: Cannot open include file: 'vector.h': No such file or directory
  (compiling source file 'FReverbDataManager.cpp')
  
  FReverb.cpp
D:\GitHub\SpinxDeveloper\PWClient-152\PWClient152\Common\AudioEngine\FAudioEngine.h(3,10): error C1083: Cannot open include file: 'vector.h': No such file or directory
  (compiling source file 'FReverb.cpp')
  
  FPropCurves.cpp
D:\GitHub\SpinxDeveloper\PWClient-152\PWClient152\Common\AudioEngine\xml\xmlcommon.h(81,25): warning C4477: 'sscanf_s' : format string '%04x' requires an argument of type 'unsigned int *', but variadic argument 2 has type 'unsigned short *'
  (compiling source file 'FPropCurves.cpp')
      D:\GitHub\SpinxDeveloper\PWClient-152\PWClient152\Common\AudioEngine\xml\xmlcommon.h(81,25):
      consider using '%hx' in the format string
  
D:\GitHub\SpinxDeveloper\PWClient-152\PWClient152\Common\AudioEngine\xml\xmlcommon.h(81,25): warning C4477: 'sscanf_s' : format string '%04x' requires an argument of type 'unsigned int *', but variadic argument 3 has type 'unsigned short *'
  (compiling source file 'FPropCurves.cpp')
      D:\GitHub\SpinxDeveloper\PWClient-152\PWClient152\Common\AudioEngine\xml\xmlcommon.h(81,25):
      consider using '%hx' in the format string
  
D:\GitHub\SpinxDeveloper\PWClient-152\PWClient152\Common\AudioEngine\xml\xmlcommon.h(81,25): warning C4477: 'sscanf_s' : format string '%02x' requires an argument of type 'unsigned int *', but variadic argument 4 has type 'unsigned char *'
  (compiling source file 'FPropCurves.cpp')
      D:\GitHub\SpinxDeveloper\PWClient-152\PWClient152\Common\AudioEngine\xml\xmlcommon.h(81,25):
      consider using '%hhx' in the format string
  
D:\GitHub\SpinxDeveloper\PWClient-152\PWClient152\Common\AudioEngine\xml\xmlcommon.h(81,25): warning C4477: 'sscanf_s' : format string '%02x' requires an argument of type 'unsigned int *', but variadic argument 5 has type 'unsigned char *'
  (compiling source file 'FPropCurves.cpp')
      D:\GitHub\SpinxDeveloper\PWClient-152\PWClient152\Common\AudioEngine\xml\xmlcommon.h(81,25):
      consider using '%hhx' in the format string
  
D:\GitHub\SpinxDeveloper\PWClient-152\PWClient152\Common\AudioEngine\xml\xmlcommon.h(81,25): warning C4477: 'sscanf_s' : format string '%02x' requires an argument of type 'unsigned int *', but variadic argument 6 has type 'unsigned char *'
  (compiling source file 'FPropCurves.cpp')
      D:\GitHub\SpinxDeveloper\PWClient-152\PWClient152\Common\AudioEngine\xml\xmlcommon.h(81,25):
      consider using '%hhx' in the format string
  
D:\GitHub\SpinxDeveloper\PWClient-152\PWClient152\Common\AudioEngine\xml\xmlcommon.h(81,25): warning C4477: 'sscanf_s' : format string '%02x' requires an argument of type 'unsigned int *', but variadic argument 7 has type 'unsigned char *'
  (compiling source file 'FPropCurves.cpp')
      D:\GitHub\SpinxDeveloper\PWClient-152\PWClient152\Common\AudioEngine\xml\xmlcommon.h(81,25):
      consider using '%hhx' in the format string
  
D:\GitHub\SpinxDeveloper\PWClient-152\PWClient152\Common\AudioEngine\FPropCurves.cpp(3,10): error C1083: Cannot open include file: 'AFileImage.h': No such file or directory
  FLogManager.cpp
  FLog.cpp
D:\GitHub\SpinxDeveloper\PWClient-152\PWClient152\Common\AudioEngine\FAudioEngine.h(3,10): error C1083: Cannot open include file: 'vector.h': No such file or directory
  (compiling source file 'FLog.cpp')
  
  FIntervalManager.cpp
D:\GitHub\SpinxDeveloper\PWClient-152\PWClient152\Common\AudioEngine\FAudioEngine.h(3,10): error C1083: Cannot open include file: 'vector.h': No such file or directory
  (compiling source file 'FIntervalManager.cpp')
  
  FGuid.cpp
D:\GitHub\SpinxDeveloper\PWClient-152\PWClient152\Common\AudioEngine\FGuid.cpp(21,15): warning C4477: 'sscanf_s' : format string '%04x' requires an argument of type 'unsigned int *', but variadic argument 2 has type 'unsigned short *'
      D:\GitHub\SpinxDeveloper\PWClient-152\PWClient152\Common\AudioEngine\FGuid.cpp(21,15):
      consider using '%hx' in the format string
  
D:\GitHub\SpinxDeveloper\PWClient-152\PWClient152\Common\AudioEngine\FGuid.cpp(21,15): warning C4477: 'sscanf_s' : format string '%04x' requires an argument of type 'unsigned int *', but variadic argument 3 has type 'unsigned short *'
      D:\GitHub\SpinxDeveloper\PWClient-152\PWClient152\Common\AudioEngine\FGuid.cpp(21,15):
      consider using '%hx' in the format string
  
D:\GitHub\SpinxDeveloper\PWClient-152\PWClient152\Common\AudioEngine\FGuid.cpp(21,15): warning C4477: 'sscanf_s' : format string '%02x' requires an argument of type 'unsigned int *', but variadic argument 4 has type 'unsigned char *'
      D:\GitHub\SpinxDeveloper\PWClient-152\PWClient152\Common\AudioEngine\FGuid.cpp(21,15):
      consider using '%hhx' in the format string
  
D:\GitHub\SpinxDeveloper\PWClient-152\PWClient152\Common\AudioEngine\FGuid.cpp(21,15): warning C4477: 'sscanf_s' : format string '%02x' requires an argument of type 'unsigned int *', but variadic argument 5 has type 'unsigned char *'
      D:\GitHub\SpinxDeveloper\PWClient-152\PWClient152\Common\AudioEngine\FGuid.cpp(21,15):
      consider using '%hhx' in the format string
  
D:\GitHub\SpinxDeveloper\PWClient-152\PWClient152\Common\AudioEngine\FGuid.cpp(21,15): warning C4477: 'sscanf_s' : format string '%02x' requires an argument of type 'unsigned int *', but variadic argument 6 has type 'unsigned char *'
      D:\GitHub\SpinxDeveloper\PWClient-152\PWClient152\Common\AudioEngine\FGuid.cpp(21,15):
      consider using '%hhx' in the format string
  
D:\GitHub\SpinxDeveloper\PWClient-152\PWClient152\Common\AudioEngine\FGuid.cpp(21,15): warning C4477: 'sscanf_s' : format string '%02x' requires an argument of type 'unsigned int *', but variadic argument 7 has type 'unsigned char *'
      D:\GitHub\SpinxDeveloper\PWClient-152\PWClient152\Common\AudioEngine\FGuid.cpp(21,15):
      consider using '%hhx' in the format string
  
  FEventSystem.cpp
D:\GitHub\SpinxDeveloper\PWClient-152\PWClient152\Common\AudioEngine\FAudioEngine.h(3,10): error C1083: Cannot open include file: 'vector.h': No such file or directory
  (compiling source file 'FEventSystem.cpp')
  
  FEventProject.cpp
D:\GitHub\SpinxDeveloper\PWClient-152\PWClient152\Common\AudioEngine\FAudioEngine.h(3,10): error C1083: Cannot open include file: 'vector.h': No such file or directory
  (compiling source file 'FEventProject.cpp')
  
  FEventParameter.cpp
D:\GitHub\SpinxDeveloper\PWClient-152\PWClient152\Common\AudioEngine\xml\xmlcommon.h(81,25): warning C4477: 'sscanf_s' : format string '%04x' requires an argument of type 'unsigned int *', but variadic argument 2 has type 'unsigned short *'
  (compiling source file 'FEventParameter.cpp')
      D:\GitHub\SpinxDeveloper\PWClient-152\PWClient152\Common\AudioEngine\xml\xmlcommon.h(81,25):
      consider using '%hx' in the format string
  
D:\GitHub\SpinxDeveloper\PWClient-152\PWClient152\Common\AudioEngine\xml\xmlcommon.h(81,25): warning C4477: 'sscanf_s' : format string '%04x' requires an argument of type 'unsigned int *', but variadic argument 3 has type 'unsigned short *'
  (compiling source file 'FEventParameter.cpp')
      D:\GitHub\SpinxDeveloper\PWClient-152\PWClient152\Common\AudioEngine\xml\xmlcommon.h(81,25):
      consider using '%hx' in the format string
  
D:\GitHub\SpinxDeveloper\PWClient-152\PWClient152\Common\AudioEngine\xml\xmlcommon.h(81,25): warning C4477: 'sscanf_s' : format string '%02x' requires an argument of type 'unsigned int *', but variadic argument 4 has type 'unsigned char *'
  (compiling source file 'FEventParameter.cpp')
      D:\GitHub\SpinxDeveloper\PWClient-152\PWClient152\Common\AudioEngine\xml\xmlcommon.h(81,25):
      consider using '%hhx' in the format string
  
D:\GitHub\SpinxDeveloper\PWClient-152\PWClient152\Common\AudioEngine\xml\xmlcommon.h(81,25): warning C4477: 'sscanf_s' : format string '%02x' requires an argument of type 'unsigned int *', but variadic argument 5 has type 'unsigned char *'
  (compiling source file 'FEventParameter.cpp')
      D:\GitHub\SpinxDeveloper\PWClient-152\PWClient152\Common\AudioEngine\xml\xmlcommon.h(81,25):
      consider using '%hhx' in the format string
  
D:\GitHub\SpinxDeveloper\PWClient-152\PWClient152\Common\AudioEngine\xml\xmlcommon.h(81,25): warning C4477: 'sscanf_s' : format string '%02x' requires an argument of type 'unsigned int *', but variadic argument 6 has type 'unsigned char *'
  (compiling source file 'FEventParameter.cpp')
      D:\GitHub\SpinxDeveloper\PWClient-152\PWClient152\Common\AudioEngine\xml\xmlcommon.h(81,25):
      consider using '%hhx' in the format string
  
D:\GitHub\SpinxDeveloper\PWClient-152\PWClient152\Common\AudioEngine\xml\xmlcommon.h(81,25): warning C4477: 'sscanf_s' : format string '%02x' requires an argument of type 'unsigned int *', but variadic argument 7 has type 'unsigned char *'
  (compiling source file 'FEventParameter.cpp')
      D:\GitHub\SpinxDeveloper\PWClient-152\PWClient152\Common\AudioEngine\xml\xmlcommon.h(81,25):
      consider using '%hhx' in the format string
  
D:\GitHub\SpinxDeveloper\PWClient-152\PWClient152\Common\AudioEngine\FEventParameter.cpp(3,10): error C1083: Cannot open include file: 'AFileImage.h': No such file or directory
  Generating Code...
  Compiling...
  FEventManager.cpp
D:\GitHub\SpinxDeveloper\PWClient-152\PWClient152\Common\AudioEngine\FAudioEngine.h(3,10): error C1083: Cannot open include file: 'vector.h': No such file or directory
  (compiling source file 'FEventManager.cpp')
  
  FEventLayerInstance.cpp
D:\GitHub\SpinxDeveloper\PWClient-152\PWClient152\Common\AudioEngine\FAudioEngine.h(3,10): error C1083: Cannot open include file: 'vector.h': No such file or directory
  (compiling source file 'FEventLayerInstance.cpp')
  
  FEventLayer.cpp
D:\GitHub\SpinxDeveloper\PWClient-152\PWClient152\Common\AudioEngine\FAudioEngine.h(3,10): error C1083: Cannot open include file: 'vector.h': No such file or directory
  (compiling source file 'FEventLayer.cpp')
  
  FEventInstance.cpp
D:\GitHub\SpinxDeveloper\PWClient-152\PWClient152\Common\AudioEngine\FAudioEngine.h(3,10): error C1083: Cannot open include file: 'vector.h': No such file or directory
  (compiling source file 'FEventInstance.cpp')
  
  FEventGroup.cpp
D:\GitHub\SpinxDeveloper\PWClient-152\PWClient152\Common\AudioEngine\FAudioEngine.h(3,10): error C1083: Cannot open include file: 'vector.h': No such file or directory
  (compiling source file 'FEventGroup.cpp')
  
  FEvent.cpp
D:\GitHub\SpinxDeveloper\PWClient-152\PWClient152\Common\AudioEngine\FAudioEngine.h(3,10): error C1083: Cannot open include file: 'vector.h': No such file or directory
  (compiling source file 'FEvent.cpp')
  
  FEffectFactory.cpp
D:\GitHub\SpinxDeveloper\PWClient-152\PWClient152\Common\AudioEngine\FAudioEngine.h(3,10): error C1083: Cannot open include file: 'vector.h': No such file or directory
  (compiling source file 'FEffectFactory.cpp')
  
  FEffect.cpp
D:\GitHub\SpinxDeveloper\PWClient-152\PWClient152\Common\AudioEngine\FAudioEngine.h(3,10): error C1083: Cannot open include file: 'vector.h': No such file or directory
  (compiling source file 'FEffect.cpp')
  
  FCurve.cpp
  FCriticalSectionWrapper.cpp
  FAudioTemplate.cpp
D:\GitHub\SpinxDeveloper\PWClient-152\PWClient152\Common\AudioEngine\xml\xmlcommon.h(81,25): warning C4477: 'sscanf_s' : format string '%04x' requires an argument of type 'unsigned int *', but variadic argument 2 has type 'unsigned short *'
  (compiling source file 'FAudioTemplate.cpp')
      D:\GitHub\SpinxDeveloper\PWClient-152\PWClient152\Common\AudioEngine\xml\xmlcommon.h(81,25):
      consider using '%hx' in the format string
  
D:\GitHub\SpinxDeveloper\PWClient-152\PWClient152\Common\AudioEngine\xml\xmlcommon.h(81,25): warning C4477: 'sscanf_s' : format string '%04x' requires an argument of type 'unsigned int *', but variadic argument 3 has type 'unsigned short *'
  (compiling source file 'FAudioTemplate.cpp')
      D:\GitHub\SpinxDeveloper\PWClient-152\PWClient152\Common\AudioEngine\xml\xmlcommon.h(81,25):
      consider using '%hx' in the format string
  
D:\GitHub\SpinxDeveloper\PWClient-152\PWClient152\Common\AudioEngine\xml\xmlcommon.h(81,25): warning C4477: 'sscanf_s' : format string '%02x' requires an argument of type 'unsigned int *', but variadic argument 4 has type 'unsigned char *'
  (compiling source file 'FAudioTemplate.cpp')
      D:\GitHub\SpinxDeveloper\PWClient-152\PWClient152\Common\AudioEngine\xml\xmlcommon.h(81,25):
      consider using '%hhx' in the format string
  
D:\GitHub\SpinxDeveloper\PWClient-152\PWClient152\Common\AudioEngine\xml\xmlcommon.h(81,25): warning C4477: 'sscanf_s' : format string '%02x' requires an argument of type 'unsigned int *', but variadic argument 5 has type 'unsigned char *'
  (compiling source file 'FAudioTemplate.cpp')
      D:\GitHub\SpinxDeveloper\PWClient-152\PWClient152\Common\AudioEngine\xml\xmlcommon.h(81,25):
      consider using '%hhx' in the format string
  
D:\GitHub\SpinxDeveloper\PWClient-152\PWClient152\Common\AudioEngine\xml\xmlcommon.h(81,25): warning C4477: 'sscanf_s' : format string '%02x' requires an argument of type 'unsigned int *', but variadic argument 6 has type 'unsigned char *'
  (compiling source file 'FAudioTemplate.cpp')
      D:\GitHub\SpinxDeveloper\PWClient-152\PWClient152\Common\AudioEngine\xml\xmlcommon.h(81,25):
      consider using '%hhx' in the format string
  
D:\GitHub\SpinxDeveloper\PWClient-152\PWClient152\Common\AudioEngine\xml\xmlcommon.h(81,25): warning C4477: 'sscanf_s' : format string '%02x' requires an argument of type 'unsigned int *', but variadic argument 7 has type 'unsigned char *'
  (compiling source file 'FAudioTemplate.cpp')
      D:\GitHub\SpinxDeveloper\PWClient-152\PWClient152\Common\AudioEngine\xml\xmlcommon.h(81,25):
      consider using '%hhx' in the format string
  
D:\GitHub\SpinxDeveloper\PWClient-152\PWClient152\Common\AudioEngine\FAudioEngine.h(3,10): error C1083: Cannot open include file: 'vector.h': No such file or directory
  (compiling source file 'FAudioTemplate.cpp')
  
  FAudioManager.cpp
D:\GitHub\SpinxDeveloper\PWClient-152\PWClient152\Common\AudioEngine\FAudioEngine.h(3,10): error C1083: Cannot open include file: 'vector.h': No such file or directory
  (compiling source file 'FAudioManager.cpp')
  
  FAudioInstanceManager.cpp
D:\GitHub\SpinxDeveloper\PWClient-152\PWClient152\Common\AudioEngine\FAudioEngine.h(3,10): error C1083: Cannot open include file: 'vector.h': No such file or directory
  (compiling source file 'FAudioInstanceManager.cpp')
  
  FAudioInstance.cpp
D:\GitHub\SpinxDeveloper\PWClient-152\PWClient152\Common\AudioEngine\FAudioEngine.h(3,10): error C1083: Cannot open include file: 'vector.h': No such file or directory
  (compiling source file 'FAudioInstance.cpp')
  
  FAudioGroup.cpp
D:\GitHub\SpinxDeveloper\PWClient-152\PWClient152\Common\AudioEngine\xml\xmlcommon.h(81,25): warning C4477: 'sscanf_s' : format string '%04x' requires an argument of type 'unsigned int *', but variadic argument 2 has type 'unsigned short *'
  (compiling source file 'FAudioGroup.cpp')
      D:\GitHub\SpinxDeveloper\PWClient-152\PWClient152\Common\AudioEngine\xml\xmlcommon.h(81,25):
      consider using '%hx' in the format string
  
D:\GitHub\SpinxDeveloper\PWClient-152\PWClient152\Common\AudioEngine\xml\xmlcommon.h(81,25): warning C4477: 'sscanf_s' : format string '%04x' requires an argument of type 'unsigned int *', but variadic argument 3 has type 'unsigned short *'
  (compiling source file 'FAudioGroup.cpp')
      D:\GitHub\SpinxDeveloper\PWClient-152\PWClient152\Common\AudioEngine\xml\xmlcommon.h(81,25):
      consider using '%hx' in the format string
  
D:\GitHub\SpinxDeveloper\PWClient-152\PWClient152\Common\AudioEngine\xml\xmlcommon.h(81,25): warning C4477: 'sscanf_s' : format string '%02x' requires an argument of type 'unsigned int *', but variadic argument 4 has type 'unsigned char *'
  (compiling source file 'FAudioGroup.cpp')
      D:\GitHub\SpinxDeveloper\PWClient-152\PWClient152\Common\AudioEngine\xml\xmlcommon.h(81,25):
      consider using '%hhx' in the format string
  
D:\GitHub\SpinxDeveloper\PWClient-152\PWClient152\Common\AudioEngine\xml\xmlcommon.h(81,25): warning C4477: 'sscanf_s' : format string '%02x' requires an argument of type 'unsigned int *', but variadic argument 5 has type 'unsigned char *'
  (compiling source file 'FAudioGroup.cpp')
      D:\GitHub\SpinxDeveloper\PWClient-152\PWClient152\Common\AudioEngine\xml\xmlcommon.h(81,25):
      consider using '%hhx' in the format string
  
D:\GitHub\SpinxDeveloper\PWClient-152\PWClient152\Common\AudioEngine\xml\xmlcommon.h(81,25): warning C4477: 'sscanf_s' : format string '%02x' requires an argument of type 'unsigned int *', but variadic argument 6 has type 'unsigned char *'
  (compiling source file 'FAudioGroup.cpp')
      D:\GitHub\SpinxDeveloper\PWClient-152\PWClient152\Common\AudioEngine\xml\xmlcommon.h(81,25):
      consider using '%hhx' in the format string
  
D:\GitHub\SpinxDeveloper\PWClient-152\PWClient152\Common\AudioEngine\xml\xmlcommon.h(81,25): warning C4477: 'sscanf_s' : format string '%02x' requires an argument of type 'unsigned int *', but variadic argument 7 has type 'unsigned char *'
  (compiling source file 'FAudioGroup.cpp')
      D:\GitHub\SpinxDeveloper\PWClient-152\PWClient152\Common\AudioEngine\xml\xmlcommon.h(81,25):
      consider using '%hhx' in the format string
  
D:\GitHub\SpinxDeveloper\PWClient-152\PWClient152\Common\AudioEngine\FAudioGroup.cpp(4,10): error C1083: Cannot open include file: 'AFileImage.h': No such file or directory
  FAudioEngine.cpp
D:\GitHub\SpinxDeveloper\PWClient-152\PWClient152\Common\AudioEngine\FAudioEngine.h(3,10): error C1083: Cannot open include file: 'vector.h': No such file or directory
  (compiling source file 'FAudioEngine.cpp')
  
  FAudioContainer.cpp
D:\GitHub\SpinxDeveloper\PWClient-152\PWClient152\Common\AudioEngine\FAudioEngine.h(3,10): error C1083: Cannot open include file: 'vector.h': No such file or directory
  (compiling source file 'FAudioContainer.cpp')
  
  FAudioBankArchive.cpp
D:\GitHub\SpinxDeveloper\PWClient-152\PWClient152\Common\AudioEngine\FAudioEngine.h(3,10): error C1083: Cannot open include file: 'vector.h': No such file or directory
  (compiling source file 'FAudioBankArchive.cpp')
  
  FAudioBank.cpp
D:\GitHub\SpinxDeveloper\PWClient-152\PWClient152\Common\AudioEngine\FAudioEngine.h(3,10): error C1083: Cannot open include file: 'vector.h': No such file or directory
  (compiling source file 'FAudioBank.cpp')
  
  FAudio.cpp
D:\GitHub\SpinxDeveloper\PWClient-152\PWClient152\Common\AudioEngine\FAudioEngine.h(3,10): error C1083: Cannot open include file: 'vector.h': No such file or directory
  (compiling source file 'FAudio.cpp')
  
  Generating Code...
