  CriticalSession.cpp
  FTDriverDLL.cpp
  FTFont.cpp
  FTGlyphCache.cpp
  FTManager.cpp
  MyFTCache.cpp
  MyRaster.cpp
  StdAfx.cpp
D:\GitHub\SpinxDeveloper\PWClient-152\PWClient152\Common\FTDriver\stdafx.h(17,10): error C1083: Cannot open include file: 'ft2build.h': No such file or directory
  (compiling source file 'MyRaster.cpp')
  
D:\GitHub\SpinxDeveloper\PWClient-152\PWClient152\Common\FTDriver\stdafx.h(17,10): error C1083: Cannot open include file: 'ft2build.h': No such file or directory
  (compiling source file 'FTGlyphCache.cpp')
  
D:\GitHub\SpinxDeveloper\PWClient-152\PWClient152\Common\FTDriver\stdafx.h(17,10): error C1083: Cannot open include file: 'ft2build.h': No such file or directory
  (compiling source file 'FTFont.cpp')
  
D:\GitHub\SpinxDeveloper\PWClient-152\PWClient152\Common\FTDriver\stdafx.h(17,10): error C1083: Cannot open include file: 'ft2build.h': No such file or directory
  (compiling source file 'FTDriverDLL.cpp')
  
D:\GitHub\SpinxDeveloper\PWClient-152\PWClient152\Common\FTDriver\stdafx.h(17,10): error C1083: Cannot open include file: 'ft2build.h': No such file or directory
  (compiling source file 'FTManager.cpp')
  
D:\GitHub\SpinxDeveloper\PWClient-152\PWClient152\Common\FTDriver\stdafx.h(17,10): error C1083: Cannot open include file: 'ft2build.h': No such file or directory
  (compiling source file 'MyFTCache.cpp')
  
D:\GitHub\SpinxDeveloper\PWClient-152\PWClient152\Common\FTDriver\stdafx.h(17,10): error C1083: Cannot open include file: 'ft2build.h': No such file or directory
  (compiling source file 'StdAfx.cpp')
  
  WTFont.cpp
D:\GitHub\SpinxDeveloper\PWClient-152\PWClient152\Common\FTDriver\stdafx.h(17,10): error C1083: Cannot open include file: 'ft2build.h': No such file or directory
  (compiling source file 'WTFont.cpp')
  
